<?xml version="1.0" encoding="UTF-8"?>
<coverage generated="1535944321021" clover="3.2.0">
  <project timestamp="1535944321021" name="All files">
    <metrics statements="12" coveredstatements="12" conditionals="2" coveredconditionals="2" methods="4" coveredmethods="4" elements="18" coveredelements="18" complexity="0" loc="12" ncloc="12" packages="1" files="1" classes="1">
      <file name="index.js" path="E:\Laboratoria\MarkDown\lim20181-Track-FE-markdown-list\lib\index.js">
        <metrics statements="12" coveredstatements="12" conditionals="2" coveredconditionals="2" methods="4" coveredmethods="4"/>
        <line num="1" count="1" type="stmt"/>
        <line num="2" count="1" type="stmt"/>
        <line num="3" count="1" type="stmt"/>
        <line num="5" count="1" type="stmt"/>
        <line num="6" count="2" type="stmt"/>
        <line num="7" count="2" type="stmt"/>
        <line num="8" count="2" type="stmt"/>
        <line num="9" count="2" type="cond" truecount="2" falsecount="0"/>
        <line num="11" count="2" type="stmt"/>
        <line num="12" count="1" type="stmt"/>
        <line num="13" count="3" type="stmt"/>
        <line num="22" count="1" type="stmt"/>
      </file>
    </metrics>
  </project>
</coverage>
