<?xml version="1.0" encoding="UTF-8"?>
<coverage generated="1535996087039" clover="3.2.0">
  <project timestamp="1535996087039" name="All files">
    <metrics statements="19" coveredstatements="15" conditionals="4" coveredconditionals="2" methods="7" coveredmethods="4" elements="30" coveredelements="21" complexity="0" loc="19" ncloc="19" packages="1" files="1" classes="1">
      <file name="index.js" path="D:\MarkDown\lim20181-Track-FE-markdown-list\lib\index.js">
        <metrics statements="19" coveredstatements="15" conditionals="4" coveredconditionals="2" methods="7" coveredmethods="4"/>
        <line num="1" count="1" type="stmt"/>
        <line num="2" count="1" type="stmt"/>
        <line num="3" count="1" type="stmt"/>
        <line num="4" count="1" type="stmt"/>
        <line num="6" count="1" type="stmt"/>
        <line num="7" count="2" type="stmt"/>
        <line num="8" count="2" type="stmt"/>
        <line num="9" count="2" type="stmt"/>
        <line num="10" count="2" type="cond" truecount="2" falsecount="0"/>
        <line num="11" count="2" type="stmt"/>
        <line num="13" count="1" type="stmt"/>
        <line num="14" count="3" type="stmt"/>
        <line num="15" count="0" type="cond" truecount="0" falsecount="2"/>
        <line num="16" count="0" type="stmt"/>
        <line num="18" count="0" type="stmt"/>
        <line num="23" count="1" type="stmt"/>
        <line num="28" count="1" type="stmt"/>
        <line num="29" count="0" type="stmt"/>
        <line num="37" count="1" type="stmt"/>
      </file>
    </metrics>
  </project>
</coverage>
