{"E:\\Laboratoria\\lim20181-Track-FE-markdown-list\\index.js": {"path":"E:\\Laboratoria\\lim20181-Track-FE-markdown-list\\index.js","statementMap":{"0":{"start":{"line":2,"column":11},"end":{"line":2,"column":24}},"1":{"start":{"line":3,"column":13},"end":{"line":3,"column":28}},"2":{"start":{"line":4,"column":18},"end":{"line":4,"column":39}},"3":{"start":{"line":6,"column":19},"end":{"line":26,"column":1}},"4":{"start":{"line":7,"column":2},"end":{"line":7,"column":30}},"5":{"start":{"line":8,"column":27},"end":{"line":8,"column":50}},"6":{"start":{"line":9,"column":20},"end":{"line":9,"column":49}},"7":{"start":{"line":10,"column":2},"end":{"line":24,"column":3}},"8":{"start":{"line":11,"column":4},"end":{"line":16,"column":5}},"9":{"start":{"line":12,"column":6},"end":{"line":15,"column":7}},"10":{"start":{"line":13,"column":8},"end":{"line":13,"column":34}},"11":{"start":{"line":18,"column":7},"end":{"line":24,"column":3}},"12":{"start":{"line":19,"column":23},"end":{"line":19,"column":48}},"13":{"start":{"line":20,"column":4},"end":{"line":23,"column":6}},"14":{"start":{"line":21,"column":26},"end":{"line":21,"column":59}},"15":{"start":{"line":22,"column":6},"end":{"line":22,"column":41}},"16":{"start":{"line":25,"column":2},"end":{"line":25,"column":19}},"17":{"start":{"line":30,"column":23},"end":{"line":50,"column":2}},"18":{"start":{"line":30,"column":39},"end":{"line":50,"column":2}},"19":{"start":{"line":31,"column":14},"end":{"line":31,"column":16}},"20":{"start":{"line":32,"column":2},"end":{"line":47,"column":4}},"21":{"start":{"line":33,"column":24},"end":{"line":33,"column":66}},"22":{"start":{"line":34,"column":26},"end":{"line":34,"column":57}},"23":{"start":{"line":35,"column":27},"end":{"line":35,"column":37}},"24":{"start":{"line":36,"column":27},"end":{"line":36,"column":61}},"25":{"start":{"line":37,"column":18},"end":{"line":37,"column":51}},"26":{"start":{"line":38,"column":4},"end":{"line":46,"column":6}},"27":{"start":{"line":39,"column":23},"end":{"line":39,"column":59}},"28":{"start":{"line":40,"column":23},"end":{"line":40,"column":60}},"29":{"start":{"line":41,"column":6},"end":{"line":45,"column":8}},"30":{"start":{"line":49,"column":2},"end":{"line":49,"column":14}},"31":{"start":{"line":52,"column":27},"end":{"line":59,"column":2}},"32":{"start":{"line":52,"column":36},"end":{"line":59,"column":2}},"33":{"start":{"line":53,"column":17},"end":{"line":55,"column":4}},"34":{"start":{"line":54,"column":4},"end":{"line":54,"column":33}},"35":{"start":{"line":56,"column":2},"end":{"line":58,"column":4}},"36":{"start":{"line":57,"column":4},"end":{"line":57,"column":16}},"37":{"start":{"line":61,"column":25},"end":{"line":81,"column":1}},"38":{"start":{"line":62,"column":2},"end":{"line":80,"column":4}},"39":{"start":{"line":63,"column":4},"end":{"line":79,"column":6}},"40":{"start":{"line":64,"column":6},"end":{"line":78,"column":7}},"41":{"start":{"line":65,"column":8},"end":{"line":65,"column":23}},"42":{"start":{"line":66,"column":8},"end":{"line":66,"column":27}},"43":{"start":{"line":67,"column":8},"end":{"line":67,"column":21}},"44":{"start":{"line":69,"column":8},"end":{"line":77,"column":9}},"45":{"start":{"line":70,"column":10},"end":{"line":70,"column":41}},"46":{"start":{"line":71,"column":10},"end":{"line":71,"column":27}},"47":{"start":{"line":72,"column":10},"end":{"line":72,"column":23}},"48":{"start":{"line":74,"column":10},"end":{"line":74,"column":41}},"49":{"start":{"line":75,"column":10},"end":{"line":75,"column":29}},"50":{"start":{"line":76,"column":10},"end":{"line":76,"column":23}},"51":{"start":{"line":82,"column":14},"end":{"line":93,"column":1}},"52":{"start":{"line":83,"column":2},"end":{"line":92,"column":4}},"53":{"start":{"line":84,"column":19},"end":{"line":84,"column":21}},"54":{"start":{"line":85,"column":21},"end":{"line":85,"column":23}},"55":{"start":{"line":86,"column":4},"end":{"line":88,"column":7}},"56":{"start":{"line":87,"column":6},"end":{"line":87,"column":30}},"57":{"start":{"line":89,"column":4},"end":{"line":90,"column":51}},"58":{"start":{"line":91,"column":4},"end":{"line":91,"column":32}},"59":{"start":{"line":94,"column":22},"end":{"line":106,"column":1}},"60":{"start":{"line":95,"column":2},"end":{"line":105,"column":4}},"61":{"start":{"line":96,"column":22},"end":{"line":96,"column":24}},"62":{"start":{"line":97,"column":4},"end":{"line":101,"column":6}},"63":{"start":{"line":98,"column":6},"end":{"line":100,"column":7}},"64":{"start":{"line":99,"column":8},"end":{"line":99,"column":33}},"65":{"start":{"line":102,"column":4},"end":{"line":102,"column":53}},"66":{"start":{"line":104,"column":4},"end":{"line":104,"column":34}},"67":{"start":{"line":107,"column":16},"end":{"line":138,"column":1}},"68":{"start":{"line":108,"column":15},"end":{"line":108,"column":32}},"69":{"start":{"line":109,"column":22},"end":{"line":109,"column":38}},"70":{"start":{"line":110,"column":2},"end":{"line":137,"column":4}},"71":{"start":{"line":111,"column":4},"end":{"line":136,"column":5}},"72":{"start":{"line":112,"column":6},"end":{"line":114,"column":29}},"73":{"start":{"line":113,"column":27},"end":{"line":113,"column":45}},"74":{"start":{"line":116,"column":9},"end":{"line":136,"column":5}},"75":{"start":{"line":117,"column":6},"end":{"line":120,"column":29}},"76":{"start":{"line":118,"column":23},"end":{"line":118,"column":46}},"77":{"start":{"line":119,"column":26},"end":{"line":119,"column":43}},"78":{"start":{"line":122,"column":9},"end":{"line":136,"column":5}},"79":{"start":{"line":123,"column":6},"end":{"line":127,"column":29}},"80":{"start":{"line":124,"column":23},"end":{"line":124,"column":46}},"81":{"start":{"line":125,"column":30},"end":{"line":125,"column":47}},"82":{"start":{"line":126,"column":26},"end":{"line":126,"column":46}},"83":{"start":{"line":129,"column":9},"end":{"line":136,"column":5}},"84":{"start":{"line":130,"column":6},"end":{"line":135,"column":29}},"85":{"start":{"line":131,"column":23},"end":{"line":131,"column":46}},"86":{"start":{"line":132,"column":30},"end":{"line":132,"column":47}},"87":{"start":{"line":133,"column":39},"end":{"line":133,"column":73}},"88":{"start":{"line":134,"column":25},"end":{"line":134,"column":42}},"89":{"start":{"line":139,"column":0},"end":{"line":139,"column":25}}},"fnMap":{"0":{"name":"(anonymous_0)","decl":{"start":{"line":6,"column":19},"end":{"line":6,"column":20}},"loc":{"start":{"line":6,"column":45},"end":{"line":26,"column":1}},"line":6},"1":{"name":"(anonymous_1)","decl":{"start":{"line":20,"column":19},"end":{"line":20,"column":20}},"loc":{"start":{"line":20,"column":29},"end":{"line":23,"column":5}},"line":20},"2":{"name":"(anonymous_2)","decl":{"start":{"line":30,"column":23},"end":{"line":30,"column":24}},"loc":{"start":{"line":30,"column":39},"end":{"line":50,"column":2}},"line":30},"3":{"name":"(anonymous_3)","decl":{"start":{"line":30,"column":51},"end":{"line":30,"column":52}},"loc":{"start":{"line":30,"column":72},"end":{"line":50,"column":1}},"line":30},"4":{"name":"(anonymous_4)","decl":{"start":{"line":32,"column":17},"end":{"line":32,"column":18}},"loc":{"start":{"line":32,"column":29},"end":{"line":47,"column":3}},"line":32},"5":{"name":"(anonymous_5)","decl":{"start":{"line":38,"column":14},"end":{"line":38,"column":15}},"loc":{"start":{"line":38,"column":22},"end":{"line":46,"column":5}},"line":38},"6":{"name":"(anonymous_6)","decl":{"start":{"line":52,"column":27},"end":{"line":52,"column":28}},"loc":{"start":{"line":52,"column":36},"end":{"line":59,"column":2}},"line":52},"7":{"name":"(anonymous_7)","decl":{"start":{"line":52,"column":48},"end":{"line":52,"column":49}},"loc":{"start":{"line":52,"column":69},"end":{"line":59,"column":1}},"line":52},"8":{"name":"(anonymous_8)","decl":{"start":{"line":53,"column":25},"end":{"line":53,"column":26}},"loc":{"start":{"line":53,"column":33},"end":{"line":55,"column":3}},"line":53},"9":{"name":"(anonymous_9)","decl":{"start":{"line":56,"column":27},"end":{"line":56,"column":28}},"loc":{"start":{"line":56,"column":34},"end":{"line":58,"column":3}},"line":56},"10":{"name":"(anonymous_10)","decl":{"start":{"line":61,"column":25},"end":{"line":61,"column":26}},"loc":{"start":{"line":61,"column":35},"end":{"line":81,"column":1}},"line":61},"11":{"name":"(anonymous_11)","decl":{"start":{"line":62,"column":21},"end":{"line":62,"column":22}},"loc":{"start":{"line":62,"column":42},"end":{"line":80,"column":3}},"line":62},"12":{"name":"(anonymous_12)","decl":{"start":{"line":63,"column":25},"end":{"line":63,"column":26}},"loc":{"start":{"line":63,"column":42},"end":{"line":79,"column":5}},"line":63},"13":{"name":"(anonymous_13)","decl":{"start":{"line":82,"column":14},"end":{"line":82,"column":15}},"loc":{"start":{"line":82,"column":30},"end":{"line":93,"column":1}},"line":82},"14":{"name":"(anonymous_14)","decl":{"start":{"line":83,"column":21},"end":{"line":83,"column":22}},"loc":{"start":{"line":83,"column":41},"end":{"line":92,"column":3}},"line":83},"15":{"name":"(anonymous_15)","decl":{"start":{"line":86,"column":19},"end":{"line":86,"column":20}},"loc":{"start":{"line":86,"column":28},"end":{"line":88,"column":5}},"line":86},"16":{"name":"(anonymous_16)","decl":{"start":{"line":94,"column":22},"end":{"line":94,"column":23}},"loc":{"start":{"line":94,"column":47},"end":{"line":106,"column":1}},"line":94},"17":{"name":"(anonymous_17)","decl":{"start":{"line":95,"column":21},"end":{"line":95,"column":22}},"loc":{"start":{"line":95,"column":41},"end":{"line":105,"column":3}},"line":95},"18":{"name":"(anonymous_18)","decl":{"start":{"line":97,"column":31},"end":{"line":97,"column":32}},"loc":{"start":{"line":97,"column":41},"end":{"line":101,"column":5}},"line":97},"19":{"name":"(anonymous_19)","decl":{"start":{"line":107,"column":16},"end":{"line":107,"column":17}},"loc":{"start":{"line":107,"column":35},"end":{"line":138,"column":1}},"line":107},"20":{"name":"(anonymous_20)","decl":{"start":{"line":110,"column":21},"end":{"line":110,"column":22}},"loc":{"start":{"line":110,"column":42},"end":{"line":137,"column":3}},"line":110},"21":{"name":"(anonymous_21)","decl":{"start":{"line":113,"column":14},"end":{"line":113,"column":15}},"loc":{"start":{"line":113,"column":27},"end":{"line":113,"column":45}},"line":113},"22":{"name":"(anonymous_22)","decl":{"start":{"line":118,"column":14},"end":{"line":118,"column":15}},"loc":{"start":{"line":118,"column":23},"end":{"line":118,"column":46}},"line":118},"23":{"name":"(anonymous_23)","decl":{"start":{"line":119,"column":14},"end":{"line":119,"column":15}},"loc":{"start":{"line":119,"column":26},"end":{"line":119,"column":43}},"line":119},"24":{"name":"(anonymous_24)","decl":{"start":{"line":124,"column":14},"end":{"line":124,"column":15}},"loc":{"start":{"line":124,"column":23},"end":{"line":124,"column":46}},"line":124},"25":{"name":"(anonymous_25)","decl":{"start":{"line":125,"column":14},"end":{"line":125,"column":15}},"loc":{"start":{"line":125,"column":30},"end":{"line":125,"column":47}},"line":125},"26":{"name":"(anonymous_26)","decl":{"start":{"line":126,"column":14},"end":{"line":126,"column":15}},"loc":{"start":{"line":126,"column":26},"end":{"line":126,"column":46}},"line":126},"27":{"name":"(anonymous_27)","decl":{"start":{"line":131,"column":14},"end":{"line":131,"column":15}},"loc":{"start":{"line":131,"column":23},"end":{"line":131,"column":46}},"line":131},"28":{"name":"(anonymous_28)","decl":{"start":{"line":132,"column":14},"end":{"line":132,"column":15}},"loc":{"start":{"line":132,"column":30},"end":{"line":132,"column":47}},"line":132},"29":{"name":"(anonymous_29)","decl":{"start":{"line":133,"column":14},"end":{"line":133,"column":15}},"loc":{"start":{"line":133,"column":39},"end":{"line":133,"column":73}},"line":133},"30":{"name":"(anonymous_30)","decl":{"start":{"line":134,"column":14},"end":{"line":134,"column":15}},"loc":{"start":{"line":134,"column":25},"end":{"line":134,"column":42}},"line":134}},"branchMap":{"0":{"loc":{"start":{"line":7,"column":14},"end":{"line":7,"column":29}},"type":"binary-expr","locations":[{"start":{"line":7,"column":14},"end":{"line":7,"column":23}},{"start":{"line":7,"column":27},"end":{"line":7,"column":29}}],"line":7},"1":{"loc":{"start":{"line":10,"column":2},"end":{"line":24,"column":3}},"type":"if","locations":[{"start":{"line":10,"column":2},"end":{"line":24,"column":3}},{"start":{"line":10,"column":2},"end":{"line":24,"column":3}}],"line":10},"2":{"loc":{"start":{"line":11,"column":4},"end":{"line":16,"column":5}},"type":"if","locations":[{"start":{"line":11,"column":4},"end":{"line":16,"column":5}},{"start":{"line":11,"column":4},"end":{"line":16,"column":5}}],"line":11},"3":{"loc":{"start":{"line":12,"column":6},"end":{"line":15,"column":7}},"type":"if","locations":[{"start":{"line":12,"column":6},"end":{"line":15,"column":7}},{"start":{"line":12,"column":6},"end":{"line":15,"column":7}}],"line":12},"4":{"loc":{"start":{"line":18,"column":7},"end":{"line":24,"column":3}},"type":"if","locations":[{"start":{"line":18,"column":7},"end":{"line":24,"column":3}},{"start":{"line":18,"column":7},"end":{"line":24,"column":3}}],"line":18},"5":{"loc":{"start":{"line":64,"column":6},"end":{"line":78,"column":7}},"type":"if","locations":[{"start":{"line":64,"column":6},"end":{"line":78,"column":7}},{"start":{"line":64,"column":6},"end":{"line":78,"column":7}}],"line":64},"6":{"loc":{"start":{"line":69,"column":8},"end":{"line":77,"column":9}},"type":"if","locations":[{"start":{"line":69,"column":8},"end":{"line":77,"column":9}},{"start":{"line":69,"column":8},"end":{"line":77,"column":9}}],"line":69},"7":{"loc":{"start":{"line":69,"column":12},"end":{"line":69,"column":63}},"type":"binary-expr","locations":[{"start":{"line":69,"column":12},"end":{"line":69,"column":36}},{"start":{"line":69,"column":40},"end":{"line":69,"column":63}}],"line":69},"8":{"loc":{"start":{"line":98,"column":6},"end":{"line":100,"column":7}},"type":"if","locations":[{"start":{"line":98,"column":6},"end":{"line":100,"column":7}},{"start":{"line":98,"column":6},"end":{"line":100,"column":7}}],"line":98},"9":{"loc":{"start":{"line":111,"column":4},"end":{"line":136,"column":5}},"type":"if","locations":[{"start":{"line":111,"column":4},"end":{"line":136,"column":5}},{"start":{"line":111,"column":4},"end":{"line":136,"column":5}}],"line":111},"10":{"loc":{"start":{"line":111,"column":8},"end":{"line":111,"column":43}},"type":"binary-expr","locations":[{"start":{"line":111,"column":8},"end":{"line":111,"column":25}},{"start":{"line":111,"column":29},"end":{"line":111,"column":43}}],"line":111},"11":{"loc":{"start":{"line":116,"column":9},"end":{"line":136,"column":5}},"type":"if","locations":[{"start":{"line":116,"column":9},"end":{"line":136,"column":5}},{"start":{"line":116,"column":9},"end":{"line":136,"column":5}}],"line":116},"12":{"loc":{"start":{"line":116,"column":13},"end":{"line":116,"column":47}},"type":"binary-expr","locations":[{"start":{"line":116,"column":13},"end":{"line":116,"column":29}},{"start":{"line":116,"column":33},"end":{"line":116,"column":47}}],"line":116},"13":{"loc":{"start":{"line":122,"column":9},"end":{"line":136,"column":5}},"type":"if","locations":[{"start":{"line":122,"column":9},"end":{"line":136,"column":5}},{"start":{"line":122,"column":9},"end":{"line":136,"column":5}}],"line":122},"14":{"loc":{"start":{"line":122,"column":13},"end":{"line":122,"column":47}},"type":"binary-expr","locations":[{"start":{"line":122,"column":13},"end":{"line":122,"column":30}},{"start":{"line":122,"column":34},"end":{"line":122,"column":47}}],"line":122},"15":{"loc":{"start":{"line":129,"column":9},"end":{"line":136,"column":5}},"type":"if","locations":[{"start":{"line":129,"column":9},"end":{"line":136,"column":5}},{"start":{"line":129,"column":9},"end":{"line":136,"column":5}}],"line":129},"16":{"loc":{"start":{"line":129,"column":13},"end":{"line":129,"column":46}},"type":"binary-expr","locations":[{"start":{"line":129,"column":13},"end":{"line":129,"column":29}},{"start":{"line":129,"column":33},"end":{"line":129,"column":46}}],"line":129}},"s":{"0":1,"1":1,"2":1,"3":1,"4":5,"5":5,"6":5,"7":5,"8":4,"9":4,"10":4,"11":1,"12":1,"13":1,"14":1,"15":1,"16":5,"17":1,"18":4,"19":4,"20":4,"21":4,"22":4,"23":4,"24":4,"25":4,"26":4,"27":12,"28":12,"29":12,"30":4,"31":1,"32":3,"33":3,"34":9,"35":3,"36":3,"37":1,"38":9,"39":9,"40":9,"41":0,"42":0,"43":0,"44":9,"45":6,"46":6,"47":6,"48":3,"49":3,"50":3,"51":1,"52":2,"53":2,"54":2,"55":2,"56":6,"57":2,"58":2,"59":1,"60":1,"61":1,"62":1,"63":3,"64":1,"65":1,"66":1,"67":1,"68":4,"69":4,"70":4,"71":4,"72":1,"73":1,"74":3,"75":1,"76":1,"77":1,"78":2,"79":1,"80":1,"81":1,"82":1,"83":1,"84":1,"85":1,"86":1,"87":1,"88":1,"89":1},"f":{"0":5,"1":1,"2":4,"3":4,"4":4,"5":12,"6":3,"7":3,"8":9,"9":3,"10":9,"11":9,"12":9,"13":2,"14":2,"15":6,"16":1,"17":1,"18":3,"19":4,"20":4,"21":1,"22":1,"23":1,"24":1,"25":1,"26":1,"27":1,"28":1,"29":1,"30":1},"b":{"0":[5,4],"1":[4,1],"2":[4,0],"3":[4,0],"4":[1,0],"5":[0,9],"6":[6,3],"7":[9,6],"8":[1,2],"9":[1,3],"10":[4,2],"11":[1,2],"12":[3,2],"13":[1,1],"14":[2,1],"15":[1,0],"16":[1,1]},"_coverageSchema":"332fd63041d2c1bcb487cc26dd0d5f7d97098a6c","hash":"53f7fa50d9a036966a1951b874c74a37eb8f1e94"}
}
