{"D:\\MarkDown\\lim20181-Track-FE-markdown-list\\lib\\index.js": {"path":"D:\\MarkDown\\lim20181-Track-FE-markdown-list\\lib\\index.js","statementMap":{"0":{"start":{"line":1,"column":11},"end":{"line":1,"column":24}},"1":{"start":{"line":2,"column":13},"end":{"line":2,"column":28}},"2":{"start":{"line":3,"column":30},"end":{"line":3,"column":64}},"3":{"start":{"line":4,"column":18},"end":{"line":4,"column":39}},"4":{"start":{"line":6,"column":16},"end":{"line":26,"column":1}},"5":{"start":{"line":7,"column":2},"end":{"line":25,"column":4}},"6":{"start":{"line":8,"column":4},"end":{"line":24,"column":7}},"7":{"start":{"line":9,"column":6},"end":{"line":9,"column":38}},"8":{"start":{"line":10,"column":6},"end":{"line":10,"column":27}},"9":{"start":{"line":10,"column":15},"end":{"line":10,"column":27}},"10":{"start":{"line":11,"column":20},"end":{"line":11,"column":47}},"11":{"start":{"line":13,"column":6},"end":{"line":22,"column":9}},"12":{"start":{"line":14,"column":8},"end":{"line":20,"column":10}},"13":{"start":{"line":15,"column":10},"end":{"line":17,"column":11}},"14":{"start":{"line":16,"column":12},"end":{"line":16,"column":29}},"15":{"start":{"line":18,"column":10},"end":{"line":18,"column":60}},"16":{"start":{"line":23,"column":6},"end":{"line":23,"column":21}},"17":{"start":{"line":28,"column":21},"end":{"line":32,"column":1}},"18":{"start":{"line":29,"column":2},"end":{"line":31,"column":4}},"19":{"start":{"line":37,"column":0},"end":{"line":37,"column":25}}},"fnMap":{"0":{"name":"(anonymous_0)","decl":{"start":{"line":6,"column":16},"end":{"line":6,"column":17}},"loc":{"start":{"line":6,"column":31},"end":{"line":26,"column":1}},"line":6},"1":{"name":"(anonymous_1)","decl":{"start":{"line":7,"column":21},"end":{"line":7,"column":22}},"loc":{"start":{"line":7,"column":42},"end":{"line":25,"column":3}},"line":7},"2":{"name":"(anonymous_2)","decl":{"start":{"line":8,"column":41},"end":{"line":8,"column":42}},"loc":{"start":{"line":8,"column":56},"end":{"line":24,"column":5}},"line":8},"3":{"name":"(anonymous_3)","decl":{"start":{"line":13,"column":20},"end":{"line":13,"column":21}},"loc":{"start":{"line":13,"column":35},"end":{"line":22,"column":7}},"line":13},"4":{"name":"(anonymous_4)","decl":{"start":{"line":14,"column":23},"end":{"line":14,"column":24}},"loc":{"start":{"line":14,"column":44},"end":{"line":20,"column":9}},"line":14},"5":{"name":"(anonymous_5)","decl":{"start":{"line":28,"column":21},"end":{"line":28,"column":22}},"loc":{"start":{"line":28,"column":27},"end":{"line":32,"column":1}},"line":28},"6":{"name":"(anonymous_6)","decl":{"start":{"line":29,"column":22},"end":{"line":29,"column":23}},"loc":{"start":{"line":29,"column":42},"end":{"line":31,"column":3}},"line":29}},"branchMap":{"0":{"loc":{"start":{"line":10,"column":6},"end":{"line":10,"column":27}},"type":"if","locations":[{"start":{"line":10,"column":6},"end":{"line":10,"column":27}},{"start":{"line":10,"column":6},"end":{"line":10,"column":27}}],"line":10},"1":{"loc":{"start":{"line":15,"column":10},"end":{"line":17,"column":11}},"type":"if","locations":[{"start":{"line":15,"column":10},"end":{"line":17,"column":11}},{"start":{"line":15,"column":10},"end":{"line":17,"column":11}}],"line":15}},"s":{"0":1,"1":1,"2":1,"3":1,"4":1,"5":2,"6":2,"7":2,"8":2,"9":1,"10":2,"11":1,"12":3,"13":0,"14":0,"15":0,"16":1,"17":1,"18":0,"19":1},"f":{"0":2,"1":2,"2":2,"3":3,"4":0,"5":0,"6":0},"b":{"0":[1,1],"1":[0,0]},"_coverageSchema":"332fd63041d2c1bcb487cc26dd0d5f7d97098a6c","hash":"28fea2b7bd15447a635494cdc88d0d98dc252cd5"}
}
