TN:
SF:E:\Laboratoria\lim20181-Track-FE-markdown-list\index.js
FN:6,(anonymous_0)
FN:20,(anonymous_1)
FN:30,(anonymous_2)
FN:30,(anonymous_3)
FN:32,(anonymous_4)
FN:38,(anonymous_5)
FN:52,(anonymous_6)
FN:52,(anonymous_7)
FN:53,(anonymous_8)
FN:56,(anonymous_9)
FN:61,(anonymous_10)
FN:62,(anonymous_11)
FN:63,(anonymous_12)
FN:82,(anonymous_13)
FN:83,(anonymous_14)
FN:86,(anonymous_15)
FN:94,(anonymous_16)
FN:95,(anonymous_17)
FN:97,(anonymous_18)
FN:107,(anonymous_19)
FN:110,(anonymous_20)
FN:113,(anonymous_21)
FN:118,(anonymous_22)
FN:119,(anonymous_23)
FN:124,(anonymous_24)
FN:125,(anonymous_25)
FN:126,(anonymous_26)
FN:131,(anonymous_27)
FN:132,(anonymous_28)
FN:133,(anonymous_29)
FN:134,(anonymous_30)
FNF:31
FNH:31
FNDA:5,(anonymous_0)
FNDA:1,(anonymous_1)
FNDA:4,(anonymous_2)
FNDA:4,(anonymous_3)
FNDA:4,(anonymous_4)
FNDA:12,(anonymous_5)
FNDA:3,(anonymous_6)
FNDA:3,(anonymous_7)
FNDA:9,(anonymous_8)
FNDA:3,(anonymous_9)
FNDA:9,(anonymous_10)
FNDA:9,(anonymous_11)
FNDA:9,(anonymous_12)
FNDA:2,(anonymous_13)
FNDA:2,(anonymous_14)
FNDA:6,(anonymous_15)
FNDA:1,(anonymous_16)
FNDA:1,(anonymous_17)
FNDA:3,(anonymous_18)
FNDA:4,(anonymous_19)
FNDA:4,(anonymous_20)
FNDA:1,(anonymous_21)
FNDA:1,(anonymous_22)
FNDA:1,(anonymous_23)
FNDA:1,(anonymous_24)
FNDA:1,(anonymous_25)
FNDA:1,(anonymous_26)
FNDA:1,(anonymous_27)
FNDA:1,(anonymous_28)
FNDA:1,(anonymous_29)
FNDA:1,(anonymous_30)
DA:2,1
DA:3,1
DA:4,1
DA:6,1
DA:7,5
DA:8,5
DA:9,5
DA:10,5
DA:11,4
DA:12,4
DA:13,4
DA:18,1
DA:19,1
DA:20,1
DA:21,1
DA:22,1
DA:25,5
DA:30,4
DA:31,4
DA:32,4
DA:33,4
DA:34,4
DA:35,4
DA:36,4
DA:37,4
DA:38,4
DA:39,12
DA:40,12
DA:41,12
DA:49,4
DA:52,3
DA:53,3
DA:54,9
DA:56,3
DA:57,3
DA:61,1
DA:62,9
DA:63,9
DA:64,9
DA:65,0
DA:66,0
DA:67,0
DA:69,9
DA:70,6
DA:71,6
DA:72,6
DA:74,3
DA:75,3
DA:76,3
DA:82,1
DA:83,2
DA:84,2
DA:85,2
DA:86,2
DA:87,6
DA:89,2
DA:91,2
DA:94,1
DA:95,1
DA:96,1
DA:97,1
DA:98,3
DA:99,1
DA:102,1
DA:104,1
DA:107,1
DA:108,4
DA:109,4
DA:110,4
DA:111,4
DA:112,1
DA:113,1
DA:116,3
DA:117,1
DA:118,1
DA:119,1
DA:122,2
DA:123,1
DA:124,1
DA:125,1
DA:126,1
DA:129,1
DA:130,1
DA:131,1
DA:132,1
DA:133,1
DA:134,1
DA:139,1
LF:88
LH:85
BRDA:7,0,0,5
BRDA:7,0,1,4
BRDA:10,1,0,4
BRDA:10,1,1,1
BRDA:11,2,0,4
BRDA:11,2,1,0
BRDA:12,3,0,4
BRDA:12,3,1,0
BRDA:18,4,0,1
BRDA:18,4,1,0
BRDA:64,5,0,0
BRDA:64,5,1,9
BRDA:69,6,0,6
BRDA:69,6,1,3
BRDA:69,7,0,9
BRDA:69,7,1,6
BRDA:98,8,0,1
BRDA:98,8,1,2
BRDA:111,9,0,1
BRDA:111,9,1,3
BRDA:111,10,0,4
BRDA:111,10,1,2
BRDA:116,11,0,1
BRDA:116,11,1,2
BRDA:116,12,0,3
BRDA:116,12,1,2
BRDA:122,13,0,1
BRDA:122,13,1,1
BRDA:122,14,0,2
BRDA:122,14,1,1
BRDA:129,15,0,1
BRDA:129,15,1,0
BRDA:129,16,0,1
BRDA:129,16,1,1
BRF:34
BRH:29
end_of_record
